# JRE version: OpenJDK Runtime Environment (8.0_332-b08) (build 1.8.0_332-b08)
# Java VM: OpenJDK 64-Bit Server VM (25.332-b08 mixed mode windows-amd64 compressed oops)
Heap:
 PSYoungGen      total 345600K, used 231781K [0x00000000d6800000, 0x00000000f8500000, 0x0000000100000000)
  eden space 331264K, 69% used [0x00000000d6800000,0x00000000e4a595d8,0x00000000eab80000)
  from space 14336K, 0% used [0x00000000eab80000,0x00000000eab80000,0x00000000eb980000)
  to   space 18944K, 0% used [0x00000000f7280000,0x00000000f7280000,0x00000000f8500000)
 ParOldGen       total 795648K, used 778923K [0x0000000083800000, 0x00000000b4100000, 0x00000000d6800000)
  object space 795648K, 97% used [0x0000000083800000,0x00000000b30aad70,0x00000000b4100000)
 Metaspace       used 55405K, capacity 58146K, committed 58712K, reserved 1099776K
  class space    used 7107K, capacity 7655K, committed 7768K, reserved 1048576K
GC Heap History (10 events):
Event: 116.088 GC heap before
{Heap before GC invocations=15 (full 3):
 PSYoungGen      total 345600K, used 187728K [0x00000000d6800000, 0x00000000f8500000, 0x0000000100000000)
  eden space 331264K, 52% used [0x00000000d6800000,0x00000000e115bed0,0x00000000eab80000)
  from space 14336K, 99% used [0x00000000eab80000,0x00000000eb978298,0x00000000eb980000)
  to   space 18944K, 19% used [0x00000000f7280000,0x00000000f760c540,0x00000000f8500000)
 ParOldGen       total 774656K, used 766585K [0x0000000083800000, 0x00000000b2c80000, 0x00000000d6800000)
  object space 774656K, 98% used [0x0000000083800000,0x00000000b249e5a8,0x00000000b2c80000)
 Metaspace       used 55666K, capacity 58572K, committed 58712K, reserved 1099776K
  class space    used 7150K, capacity 7734K, committed 7768K, reserved 1048576K
Event: 117.030 GC heap after
Heap after GC invocations=15 (full 3):
 PSYoungGen      total 345600K, used 23840K [0x00000000d6800000, 0x00000000f8500000, 0x0000000100000000)
  eden space 331264K, 7% used [0x00000000d6800000,0x00000000d7f48350,0x00000000eab80000)
  from space 14336K, 0% used [0x00000000eab80000,0x00000000eab80000,0x00000000eb980000)
  to   space 18944K, 0% used [0x00000000f7280000,0x00000000f7280000,0x00000000f8500000)
 ParOldGen       total 774656K, used 759672K [0x0000000083800000, 0x00000000b2c80000, 0x00000000d6800000)
  object space 774656K, 98% used [0x0000000083800000,0x00000000b1dde350,0x00000000b2c80000)
 Metaspace       used 55655K, capacity 58554K, committed 58712K, reserved 1099776K
  class space    used 7148K, capacity 7731K, committed 7768K, reserved 1048576K
}
Event: 117.847 GC heap before
{Heap before GC invocations=16 (full 3):
 PSYoungGen      total 345600K, used 252120K [0x00000000d6800000, 0x00000000f8500000, 0x0000000100000000)
  eden space 331264K, 76% used [0x00000000d6800000,0x00000000e5e36050,0x00000000eab80000)
  from space 14336K, 0% used [0x00000000eab80000,0x00000000eab80000,0x00000000eb980000)
  to   space 18944K, 0% used [0x00000000f7280000,0x00000000f7280000,0x00000000f8500000)
 ParOldGen       total 774656K, used 759672K [0x0000000083800000, 0x00000000b2c80000, 0x00000000d6800000)
  object space 774656K, 98% used [0x0000000083800000,0x00000000b1dde350,0x00000000b2c80000)
 Metaspace       used 55655K, capacity 58554K, committed 58712K, reserved 1099776K
  class space    used 7148K, capacity 7731K, committed 7768K, reserved 1048576K
Event: 117.891 GC heap after
Heap after GC invocations=16 (full 3):
 PSYoungGen      total 345600K, used 252120K [0x00000000d6800000, 0x00000000f8500000, 0x0000000100000000)
  eden space 331264K, 76% used [0x00000000d6800000,0x00000000e5e36050,0x00000000eab80000)
  from space 14336K, 0% used [0x00000000eab80000,0x00000000eab80000,0x00000000eb980000)
  to   space 18944K, 0% used [0x00000000f7280000,0x00000000f72a0000,0x00000000f8500000)
 ParOldGen       total 795648K, used 782999K [0x0000000083800000, 0x00000000b4100000, 0x00000000d6800000)
  object space 795648K, 98% used [0x0000000083800000,0x00000000b34a5ca0,0x00000000b4100000)
 Metaspace       used 55655K, capacity 58554K, committed 58712K, reserved 1099776K
  class space    used 7148K, capacity 7731K, committed 7768K, reserved 1048576K
}
Event: 117.891 GC heap before
{Heap before GC invocations=17 (full 4):
 PSYoungGen      total 345600K, used 252120K [0x00000000d6800000, 0x00000000f8500000, 0x0000000100000000)
  eden space 331264K, 76% used [0x00000000d6800000,0x00000000e5e36050,0x00000000eab80000)
  from space 14336K, 0% used [0x00000000eab80000,0x00000000eab80000,0x00000000eb980000)
  to   space 18944K, 0% used [0x00000000f7280000,0x00000000f72a0000,0x00000000f8500000)
 ParOldGen       total 795648K, used 782999K [0x0000000083800000, 0x00000000b4100000, 0x00000000d6800000)
  object space 795648K, 98% used [0x0000000083800000,0x00000000b34a5ca0,0x00000000b4100000)
 Metaspace       used 55655K, capacity 58554K, committed 58712K, reserved 1099776K
  class space    used 7148K, capacity 7731K, committed 7768K, reserved 1048576K
Event: 118.486 GC heap after
Heap after GC invocations=17 (full 4):
 PSYoungGen      total 345600K, used 218112K [0x00000000d6800000, 0x00000000f8500000, 0x0000000100000000)
  eden space 331264K, 65% used [0x00000000d6800000,0x00000000e3d00358,0x00000000eab80000)
  from space 14336K, 0% used [0x00000000eab80000,0x00000000eab80000,0x00000000eb980000)
  to   space 18944K, 0% used [0x00000000f7280000,0x00000000f7280000,0x00000000f8500000)
 ParOldGen       total 795648K, used 782808K [0x0000000083800000, 0x00000000b4100000, 0x00000000d6800000)
  object space 795648K, 98% used [0x0000000083800000,0x00000000b34761b0,0x00000000b4100000)
 Metaspace       used 55655K, capacity 58554K, committed 58712K, reserved 1099776K
  class space    used 7148K, capacity 7731K, committed 7768K, reserved 1048576K
}
Event: 118.486 GC heap before
{Heap before GC invocations=18 (full 4):
 PSYoungGen      total 345600K, used 218112K [0x00000000d6800000, 0x00000000f8500000, 0x0000000100000000)
  eden space 331264K, 65% used [0x00000000d6800000,0x00000000e3d00358,0x00000000eab80000)
  from space 14336K, 0% used [0x00000000eab80000,0x00000000eab80000,0x00000000eb980000)
  to   space 18944K, 0% used [0x00000000f7280000,0x00000000f7280000,0x00000000f8500000)
 ParOldGen       total 795648K, used 782808K [0x0000000083800000, 0x00000000b4100000, 0x00000000d6800000)
  object space 795648K, 98% used [0x0000000083800000,0x00000000b34761b0,0x00000000b4100000)
 Metaspace       used 55655K, capacity 58554K, committed 58712K, reserved 1099776K
  class space    used 7148K, capacity 7731K, committed 7768K, reserved 1048576K
Event: 118.502 GC heap after
Heap after GC invocations=18 (full 4):
 PSYoungGen      total 345600K, used 218112K [0x00000000d6800000, 0x00000000f8500000, 0x0000000100000000)
  eden space 331264K, 65% used [0x00000000d6800000,0x00000000e3d00358,0x00000000eab80000)
  from space 14336K, 0% used [0x00000000eab80000,0x00000000eab80000,0x00000000eb980000)
  to   space 18944K, 0% used [0x00000000f7280000,0x00000000f7280000,0x00000000f8500000)
 ParOldGen       total 795648K, used 782840K [0x0000000083800000, 0x00000000b4100000, 0x00000000d6800000)
  object space 795648K, 98% used [0x0000000083800000,0x00000000b347e1b0,0x00000000b4100000)
 Metaspace       used 55655K, capacity 58554K, committed 58712K, reserved 1099776K
  class space    used 7148K, capacity 7731K, committed 7768K, reserved 1048576K
}
Event: 118.503 GC heap before
{Heap before GC invocations=19 (full 5):
 PSYoungGen      total 345600K, used 218112K [0x00000000d6800000, 0x00000000f8500000, 0x0000000100000000)
  eden space 331264K, 65% used [0x00000000d6800000,0x00000000e3d00358,0x00000000eab80000)
  from space 14336K, 0% used [0x00000000eab80000,0x00000000eab80000,0x00000000eb980000)
  to   space 18944K, 0% used [0x00000000f7280000,0x00000000f7280000,0x00000000f8500000)
 ParOldGen       total 795648K, used 782840K [0x0000000083800000, 0x00000000b4100000, 0x00000000d6800000)
  object space 795648K, 98% used [0x0000000083800000,0x00000000b347e1b0,0x00000000b4100000)
 Metaspace       used 55655K, capacity 58554K, committed 58712K, reserved 1099776K
  class space    used 7148K, capacity 7731K, committed 7768K, reserved 1048576K
Event: 118.890 GC heap after
Heap after GC invocations=19 (full 5):
 PSYoungGen      total 345600K, used 218112K [0x00000000d6800000, 0x00000000f8500000, 0x0000000100000000)
  eden space 331264K, 65% used [0x00000000d6800000,0x00000000e3d00010,0x00000000eab80000)
  from space 14336K, 0% used [0x00000000eab80000,0x00000000eab80000,0x00000000eb980000)
  to   space 18944K, 0% used [0x00000000f7280000,0x00000000f7280000,0x00000000f8500000)
 ParOldGen       total 795648K, used 778923K [0x0000000083800000, 0x00000000b4100000, 0x00000000d6800000)
  object space 795648K, 97% used [0x0000000083800000,0x00000000b30aad70,0x00000000b4100000)
 Metaspace       used 55402K, capacity 58146K, committed 58712K, reserved 1099776K
  class space    used 7106K, capacity 7655K, committed 7768K, reserved 1048576K
}

